{"meta": {"format": 2, "version": "7.5.0", "timestamp": "2024-04-28T20:09:22.827155", "branch_coverage": true, "show_contexts": false}, "files": {"bosco/__init__.py": {"executed_lines": [], "summary": {"covered_lines": 0, "num_statements": 0, "percent_covered": 100.0, "percent_covered_display": "100", "missing_lines": 0, "excluded_lines": 0, "num_branches": 0, "num_partial_branches": 0, "covered_branches": 0, "missing_branches": 0}, "missing_lines": [], "excluded_lines": [], "executed_branches": [], "missing_branches": []}, "bosco/benchmark.py": {"executed_lines": [1, 3, 4, 5, 6, 9, 13, 14, 16, 17, 19, 20, 21, 22, 23, 25, 30], "summary": {"covered_lines": 16, "num_statements": 16, "percent_covered": 95.0, "percent_covered_display": "95", "missing_lines": 0, "excluded_lines": 0, "num_branches": 4, "num_partial_branches": 1, "covered_branches": 3, "missing_branches": 1}, "missing_lines": [], "excluded_lines": [], "executed_branches": [[16, 17], [25, -25], [25, 25], [25, 30]], "missing_branches": [[16, 19]]}, "bosco/constants.py": {"executed_lines": [1, 3, 7, 8, 9, 11, 12, 13, 14, 15, 16, 17, 18, 19, 20, 23, 38, 39, 40, 42, 43, 46, 50, 51, 52, 54, 55, 56, 59, 67, 68, 69, 71, 72, 73, 74, 75, 76, 77, 78, 79, 80, 81, 84, 100, 101, 102, 104, 105, 106, 107, 108, 109, 110, 111, 112, 113, 114, 115, 116, 117, 118, 119, 120, 121, 122, 123, 124, 125, 126, 127, 130], "summary": {"covered_lines": 66, "num_statements": 66, "percent_covered": 100.0, "percent_covered_display": "100", "missing_lines": 0, "excluded_lines": 0, "num_branches": 10, "num_partial_branches": 0, "covered_branches": 10, "missing_branches": 0}, "missing_lines": [], "excluded_lines": [], "executed_branches": [[7, 8], [7, 9], [38, 39], [38, 40], [50, 51], [50, 52], [67, 68], [67, 69], [100, 101], [100, 102]], "missing_branches": []}, "bosco/generate.py": {"executed_lines": [1, 2, 3, 6, 11, 13, 14, 16, 17, 19, 25, 27], "summary": {"covered_lines": 12, "num_statements": 12, "percent_covered": 100.0, "percent_covered_display": "100", "missing_lines": 0, "excluded_lines": 0, "num_branches": 12, "num_partial_branches": 0, "covered_branches": 12, "missing_branches": 0}, "missing_lines": [], "excluded_lines": [], "executed_branches": [[11, 13], [11, 14], [13, -13], [13, 13], [13, 27], [14, 16], [14, 17], [16, -16], [16, 16], [16, 27], [17, 19], [17, 25], [19, -19], [19, 19], [19, 27]], "missing_branches": []}, "tests/__init__.py": {"executed_lines": [], "summary": {"covered_lines": 0, "num_statements": 0, "percent_covered": 100.0, "percent_covered_display": "100", "missing_lines": 0, "excluded_lines": 0, "num_branches": 0, "num_partial_branches": 0, "covered_branches": 0, "missing_branches": 0}, "missing_lines": [], "excluded_lines": [], "executed_branches": [], "missing_branches": []}, "tests/test_benchmark.py": {"executed_lines": [1, 2, 3, 5, 7, 10, 11, 12, 13, 14, 15, 18, 19, 20, 23, 26, 27, 28, 29, 32, 33, 34, 35, 36, 37, 43, 44, 45, 46, 47, 48, 54, 55, 56, 57, 60, 61, 62], "summary": {"covered_lines": 38, "num_statements": 38, "percent_covered": 100.0, "percent_covered_display": "100", "missing_lines": 0, "excluded_lines": 0, "num_branches": 18, "num_partial_branches": 0, "covered_branches": 18, "missing_branches": 0}, "missing_lines": [], "excluded_lines": [], "executed_branches": [[11, 10], [11, 18], [20, -20], [20, -18], [20, 20], [20, 23], [34, -32], [34, 35], [35, 36], [35, 37], [45, -43], [45, 46], [46, 47], [46, 48], [57, -57], [57, -54], [57, 57], [57, 60], [60, 57], [60, 61]], "missing_branches": []}, "tests/test_constants.py": {"executed_lines": [1, 3, 5, 7, 10, 11, 13, 27, 29, 32, 33, 34, 35, 36, 37, 38, 39, 42, 43, 44, 49, 50, 51], "summary": {"covered_lines": 22, "num_statements": 22, "percent_covered": 100.0, "percent_covered_display": "100", "missing_lines": 0, "excluded_lines": 0, "num_branches": 4, "num_partial_branches": 0, "covered_branches": 4, "missing_branches": 0}, "missing_lines": [], "excluded_lines": [], "executed_branches": [[11, 10], [11, 27], [50, -49], [50, 51]], "missing_branches": []}, "tests/test_generate.py": {"executed_lines": [1, 2, 4, 6, 9, 10, 11, 12, 13, 16, 17, 18, 19, 20, 21, 24, 25, 26, 27, 28, 29, 32, 33, 34, 35, 36, 37, 40, 41, 42, 43, 44, 47, 48, 49, 50, 53, 54, 55, 56, 57], "summary": {"covered_lines": 41, "num_statements": 41, "percent_covered": 100.0, "percent_covered_display": "100", "missing_lines": 0, "excluded_lines": 0, "num_branches": 10, "num_partial_branches": 0, "covered_branches": 10, "missing_branches": 0}, "missing_lines": [], "excluded_lines": [], "executed_branches": [[11, -9], [11, 12], [19, -16], [19, 20], [27, -24], [27, 28], [35, -32], [35, 36], [55, 56], [55, 57]], "missing_branches": []}}, "totals": {"covered_lines": 195, "num_statements": 195, "percent_covered": 99.60474308300395, "percent_covered_display": "99", "missing_lines": 0, "excluded_lines": 0, "num_branches": 58, "num_partial_branches": 1, "covered_branches": 57, "missing_branches": 1}}